[debug] [2021-06-27T12:57:06.924Z] ----------------------------------------------------------------------
[debug] [2021-06-27T12:57:07.002Z] Command:       C:\Program Files\nodejs\node.exe C:\Users\Admin\AppData\Roaming\npm\node_modules\firebase-tools\lib\bin\firebase.js init hosting:github
[debug] [2021-06-27T12:57:07.004Z] CLI Version:   9.14.0
[debug] [2021-06-27T12:57:07.005Z] Platform:      win32
[debug] [2021-06-27T12:57:07.006Z] Node Version:  v14.16.1
[debug] [2021-06-27T12:57:07.805Z] Time:          Sun Jun 27 2021 09:57:07 GMT-0300 (Horário Padrão de Brasília)
[debug] [2021-06-27T12:57:07.806Z] ----------------------------------------------------------------------
[debug] 
[debug] [2021-06-27T12:57:07.990Z] > command requires scopes: ["email","openid","https://www.googleapis.com/auth/cloudplatformprojects.readonly","https://www.googleapis.com/auth/firebase","https://www.googleapis.com/auth/cloud-platform"]
[debug] [2021-06-27T12:57:07.992Z] > authorizing via signed-in user (sheila.sane@gmail.com)
[info] 
     ######## #### ########  ######## ########     ###     ######  ########
     ##        ##  ##     ## ##       ##     ##  ##   ##  ##       ##
     ######    ##  ########  ######   ########  #########  ######  ######
     ##        ##  ##    ##  ##       ##     ## ##     ##       ## ##
     ##       #### ##     ## ######## ########  ##     ##  ######  ########

You're about to initialize a Firebase project in this directory:

  C:\Users\Admin\www\nlw\letmeask

Before we get started, keep in mind:

  * You are initializing within an existing Firebase project directory

[info] 
=== Project Setup
[info] 
[info] First, let's associate this project directory with a Firebase project.
[info] You can create multiple project aliases by running firebase use --add, 
[info] but for now we'll just set up a default project.
[info] 
[info] i  .firebaserc already has a default project, using letmeask-de395. 
[debug] [2021-06-27T12:57:08.752Z] > refreshing access token with scopes: []
[debug] [2021-06-27T12:57:08.754Z] >>> HTTP REQUEST POST https://www.googleapis.com/oauth2/v3/token  
 <request body omitted>
[debug] [2021-06-27T12:57:11.693Z] <<< HTTP RESPONSE 200 {"date":"Sun, 27 Jun 2021 12:57:14 GMT","pragma":"no-cache","expires":"Mon, 01 Jan 1990 00:00:00 GMT","cache-control":"no-cache, no-store, max-age=0, must-revalidate","content-type":"application/json; charset=utf-8","vary":"X-Origin, Referer, Origin,Accept-Encoding","server":"scaffolding on HTTPServer2","x-xss-protection":"0","x-frame-options":"SAMEORIGIN","x-content-type-options":"nosniff","alt-svc":"h3=\":443\"; ma=2592000,h3-29=\":443\"; ma=2592000,h3-T051=\":443\"; ma=2592000,h3-Q050=\":443\"; ma=2592000,h3-Q046=\":443\"; ma=2592000,h3-Q043=\":443\"; ma=2592000,quic=\":443\"; ma=2592000; v=\"46,43\"","accept-ranges":"none","transfer-encoding":"chunked"}
[debug] [2021-06-27T12:57:11.923Z] >>> [apiv2][query] GET https://firebase.googleapis.com/v1beta1/projects/letmeask-de395 [none]
[debug] [2021-06-27T12:57:13.160Z] <<< [apiv2][status] GET https://firebase.googleapis.com/v1beta1/projects/letmeask-de395 200
[debug] [2021-06-27T12:57:13.161Z] <<< [apiv2][body] GET https://firebase.googleapis.com/v1beta1/projects/letmeask-de395 {"projectId":"letmeask-de395","projectNumber":"447248699230","displayName":"letmeask","name":"projects/letmeask-de395","resources":{"hostingSite":"letmeask-de395","realtimeDatabaseInstance":"letmeask-de395-default-rtdb"},"state":"ACTIVE"}
[info] 
=== Hosting:github Setup
[info] 
[info] i  Detected a .git folder at C:\Users\Admin\www\nlw\letmeask 
[info] i  Authorizing with GitHub to upload your service account to a GitHub repository's secrets store. 
[info] 
[info] Visit this URL on this device to log in:
[info] https://github.com/login/oauth/authorize?client_id=89cf50f02ac6aaed3484&state=486168057&redirect_uri=http%3A%2F%2Flocalhost%3A9005&scope=read%3Auser%20repo%20public_repo
[info] 
[info] Waiting for authentication...
[debug] [2021-06-27T12:57:20.079Z] >>> HTTP REQUEST POST https://github.com/login/oauth/access_token  
 {"client_id":"89cf50f02ac6aaed3484","client_secret":"3330d14abc895d9a74d5f17cd7a00711fa2c5bf0","code":"352ee5b2a9666ea46e56","redirect_uri":"http://localhost:9005","state":"486168057"}
[debug] [2021-06-27T12:57:20.610Z] <<< HTTP RESPONSE 200 {"server":"GitHub.com","date":"Sun, 27 Jun 2021 12:57:23 GMT","content-type":"application/json; charset=utf-8","transfer-encoding":"chunked","vary":"X-PJAX, Accept-Encoding, Accept, X-Requested-With","permissions-policy":"interest-cohort=()","etag":"W/\"53e37cbc61da321954ccea071a1337fb\"","cache-control":"max-age=0, private, must-revalidate","strict-transport-security":"max-age=31536000; includeSubdomains; preload","x-frame-options":"deny","x-content-type-options":"nosniff","x-xss-protection":"0","referrer-policy":"origin-when-cross-origin, strict-origin-when-cross-origin","expect-ct":"max-age=2592000, report-uri=\"https://api.github.com/_private/browser/errors\"","content-security-policy":"default-src 'none'; base-uri 'self'; block-all-mixed-content; connect-src 'self' uploads.github.com www.githubstatus.com collector.githubapp.com api.github.com github-cloud.s3.amazonaws.com github-production-repository-file-5c1aeb.s3.amazonaws.com github-production-upload-manifest-file-7fdce7.s3.amazonaws.com github-production-user-asset-6210df.s3.amazonaws.com cdn.optimizely.com logx.optimizely.com/v1/events translator.github.com wss://alive.github.com; font-src github.githubassets.com; form-action 'self' github.com gist.github.com; frame-ancestors 'none'; frame-src render.githubusercontent.com render-temp.githubusercontent.com viewscreen.githubusercontent.com; img-src 'self' data: github.githubassets.com identicons.github.com collector.githubapp.com github-cloud.s3.amazonaws.com secured-user-images.githubusercontent.com/ *.githubusercontent.com; manifest-src 'self'; media-src 'none'; script-src github.githubassets.com; style-src 'unsafe-inline' github.githubassets.com; worker-src github.com/socket-worker-3f088aa2.js gist.github.com/socket-worker-3f088aa2.js","x-github-request-id":"EC37:57D0:11A87E3:1BC90E3:60D875B3"}
[debug] [2021-06-27T12:57:21.014Z] >>> [apiv2][query] GET https://api.github.com/user [none]
[debug] [2021-06-27T12:57:21.748Z] <<< [apiv2][status] GET https://api.github.com/user 200
[debug] [2021-06-27T12:57:21.748Z] <<< [apiv2][body] GET https://api.github.com/user {"login":"SheilaNSN","id":76538391,"node_id":"MDQ6VXNlcjc2NTM4Mzkx","avatar_url":"https://avatars.githubusercontent.com/u/76538391?v=4","gravatar_id":"","url":"https://api.github.com/users/SheilaNSN","html_url":"https://github.com/SheilaNSN","followers_url":"https://api.github.com/users/SheilaNSN/followers","following_url":"https://api.github.com/users/SheilaNSN/following{/other_user}","gists_url":"https://api.github.com/users/SheilaNSN/gists{/gist_id}","starred_url":"https://api.github.com/users/SheilaNSN/starred{/owner}{/repo}","subscriptions_url":"https://api.github.com/users/SheilaNSN/subscriptions","organizations_url":"https://api.github.com/users/SheilaNSN/orgs","repos_url":"https://api.github.com/users/SheilaNSN/repos","events_url":"https://api.github.com/users/SheilaNSN/events{/privacy}","received_events_url":"https://api.github.com/users/SheilaNSN/received_events","type":"User","site_admin":false,"name":"Sheila Nery ","company":null,"blog":"https://www.linkedin.com/in/sheila-nery/","location":"Itanhaém - São Paulo","email":null,"hireable":null,"bio":null,"twitter_username":null,"public_repos":8,"public_gists":2,"followers":42,"following":32,"created_at":"2020-12-23T21:53:00Z","updated_at":"2021-06-26T23:00:58Z","private_gists":0,"total_private_repos":0,"owned_private_repos":0,"disk_usage":2916,"collaborators":0,"two_factor_authentication":false,"plan":{"name":"free","space":976562499,"collaborators":0,"private_repos":10000}}
[info] 
[info] +  Success! Logged into GitHub as SheilaNSN 
[info] 
